updated image Current Time = 23:17:03
updated image Current Time = 23:21:33
updated image Current Time = 13:57:58
updated image 35 Current Time = 16:12:24
current image is latest versionCurrent Time = 16:12:24
updated image 35 Current Time = 16:27:31
current image is latest versionCurrent Time = 16:27:31
current image is latest versionCurrent Time = 16:29:37
current image python is latest version35 at Current Time = 16:31:14
current image python is latest version 35 at Current Time = 16:31:28
current image python is latest version 35 at Current Time = 20:49:17
updated image nodejs version 35 at Current Time = 20:50:18
current image nodejs is latest version 35 at Current Time = 20:50:18
current image python is latest version 35 at Current Time = 20:55:55
updated image python version 35 at Current Time = 20:56:36
current image python is latest version 35 at Current Time = 21:00:13
updated image python version 35 at Current Time = 21:01:31
current image python is latest version 35 at Current Time = 21:01:31
current image python is latest version 35 at Current Time = 21:03:28
updated image python version 35 at Current Time = 21:07:02
current image python is latest version 35 at Current Time = 21:07:02
updated image python version 35 at Current Time = 21:08:22
current image python is latest version 35 at Current Time = 21:08:22
updated image python version 35 at Current Time = 22:07:06
current image python is latest version 35 at Current Time = 22:07:06
updated image python version 35 at Current Time = 22:21:10
current image python is latest version 35 at Current Time = 22:21:10
updated image python version 35 at Current Time = 22:31:46
current image python is latest version 35 at Current Time = 22:31:46
updated image python version 35 at Current Time = 22:45:30
current image python is latest version 35 at Current Time = 22:45:30
current image nodejs is latest version 35 at Current Time = 22:49:24
updated image nodejs version 35 at Current Time = 22:49:55
updated image python version 35 at Current Time = 22:51:49